# JRE version: Java(TM) SE Runtime Environment (8.0_11-b12) (build 1.8.0_11-b12)
# Java VM: Java HotSpot(TM) Client VM (25.11-b03 mixed mode windows-x86 )
Heap:
 def new generation   total 8064K, used 3001K [0x04800000, 0x050b0000, 0x09d50000)
  eden space 7232K,  36% used [0x04800000, 0x04a9a968, 0x04f10000)
  from space 832K,  40% used [0x04fe0000, 0x05033c98, 0x050b0000)
  to   space 832K,   0% used [0x04f10000, 0x04f10000, 0x04fe0000)
 tenured generation   total 17720K, used 12506K [0x09d50000, 0x0ae9e000, 0x14800000)
   the space 17720K,  70% used [0x09d50000, 0x0a986a00, 0x0a986a00, 0x0ae9e000)
 Metaspace       used 13200K, capacity 13355K, committed 13440K, reserved 13696K
GC Heap History (10 events):
Event: 2.852 GC heap before
{Heap before GC invocations=24 (full 0):
 def new generation   total 4928K, used 4928K [0x04800000, 0x04d50000, 0x09d50000)
  eden space 4416K, 100% used [0x04800000, 0x04c50000, 0x04c50000)
  from space 512K, 100% used [0x04c50000, 0x04cd0000, 0x04cd0000)
  to   space 512K,   0% used [0x04cd0000, 0x04cd0000, 0x04d50000)
 tenured generation   total 10944K, used 4521K [0x09d50000, 0x0a800000, 0x14800000)
   the space 10944K,  41% used [0x09d50000, 0x0a1ba440, 0x0a1ba600, 0x0a800000)
 Metaspace       used 11928K, capacity 12043K, committed 12160K, reserved 12672K
Event: 2.858 GC heap after
Heap after GC invocations=25 (full 0):
 def new generation   total 4928K, used 512K [0x04800000, 0x04d50000, 0x09d50000)
  eden space 4416K,   0% used [0x04800000, 0x04800000, 0x04c50000)
  from space 512K, 100% used [0x04cd0000, 0x04d50000, 0x04d50000)
  to   space 512K,   0% used [0x04c50000, 0x04c50000, 0x04cd0000)
 tenured generation   total 10944K, used 5365K [0x09d50000, 0x0a800000, 0x14800000)
   the space 10944K,  49% used [0x09d50000, 0x0a28d520, 0x0a28d600, 0x0a800000)
 Metaspace       used 11928K, capacity 12043K, committed 12160K, reserved 12672K
}
Event: 2.904 GC heap before
{Heap before GC invocations=25 (full 0):
 def new generation   total 4928K, used 1292K [0x04800000, 0x04d50000, 0x09d50000)
  eden space 4416K,  17% used [0x04800000, 0x048c3160, 0x04c50000)
  from space 512K, 100% used [0x04cd0000, 0x04d50000, 0x04d50000)
  to   space 512K,   0% used [0x04c50000, 0x04c50000, 0x04cd0000)
 tenured generation   total 10944K, used 5365K [0x09d50000, 0x0a800000, 0x14800000)
   the space 10944K,  49% used [0x09d50000, 0x0a28d520, 0x0a28d600, 0x0a800000)
 Metaspace       used 12131K, capacity 12235K, committed 12288K, reserved 12672K
Event: 2.921 GC heap after
Heap after GC invocations=26 (full 1):
 def new generation   total 4992K, used 0K [0x04800000, 0x04d60000, 0x09d50000)
  eden space 4480K,   0% used [0x04800000, 0x04800000, 0x04c60000)
  from space 512K,   0% used [0x04c60000, 0x04c60000, 0x04ce0000)
  to   space 512K,   0% used [0x04ce0000, 0x04ce0000, 0x04d60000)
 tenured generation   total 10944K, used 5935K [0x09d50000, 0x0a800000, 0x14800000)
   the space 10944K,  54% used [0x09d50000, 0x0a31bf90, 0x0a31c000, 0x0a800000)
 Metaspace       used 12131K, capacity 12235K, committed 12288K, reserved 12672K
}
Event: 2.970 GC heap before
{Heap before GC invocations=26 (full 1):
 def new generation   total 4992K, used 2796K [0x04800000, 0x04d60000, 0x09d50000)
  eden space 4480K,  62% used [0x04800000, 0x04abb260, 0x04c60000)
  from space 512K,   0% used [0x04c60000, 0x04c60000, 0x04ce0000)
  to   space 512K,   0% used [0x04ce0000, 0x04ce0000, 0x04d60000)
 tenured generation   total 10944K, used 5935K [0x09d50000, 0x0a800000, 0x14800000)
   the space 10944K,  54% used [0x09d50000, 0x0a31bf90, 0x0a31c000, 0x0a800000)
 Metaspace       used 12467K, capacity 12587K, committed 12672K, reserved 12672K
Event: 2.974 GC heap after
Heap after GC invocations=27 (full 1):
 def new generation   total 4992K, used 54K [0x04800000, 0x04d60000, 0x09d50000)
  eden space 4480K,   0% used [0x04800000, 0x04800000, 0x04c60000)
  from space 512K,  10% used [0x04ce0000, 0x04ced8e8, 0x04d60000)
  to   space 512K,   0% used [0x04c60000, 0x04c60000, 0x04ce0000)
 tenured generation   total 10944K, used 7810K [0x09d50000, 0x0a800000, 0x14800000)
   the space 10944K,  71% used [0x09d50000, 0x0a4f0ba0, 0x0a4f0c00, 0x0a800000)
 Metaspace       used 12467K, capacity 12587K, committed 12672K, reserved 12672K
}
Event: 2.999 GC heap before
{Heap before GC invocations=27 (full 1):
 def new generation   total 4992K, used 4021K [0x04800000, 0x04d60000, 0x09d50000)
  eden space 4480K,  88% used [0x04800000, 0x04bdfd18, 0x04c60000)
  from space 512K,  10% used [0x04ce0000, 0x04ced8e8, 0x04d60000)
  to   space 512K,   0% used [0x04c60000, 0x04c60000, 0x04ce0000)
 tenured generation   total 10944K, used 7810K [0x09d50000, 0x0a800000, 0x14800000)
   the space 10944K,  71% used [0x09d50000, 0x0a4f0ba0, 0x0a4f0c00, 0x0a800000)
 Metaspace       used 12540K, capacity 12683K, committed 12800K, reserved 13696K
Event: 3.027 GC heap after
Heap after GC invocations=28 (full 2):
 def new generation   total 8064K, used 0K [0x04800000, 0x050b0000, 0x09d50000)
  eden space 7232K,   0% used [0x04800000, 0x04800000, 0x04f10000)
  from space 832K,   0% used [0x04f10000, 0x04f10000, 0x04fe0000)
  to   space 832K,   0% used [0x04fe0000, 0x04fe0000, 0x050b0000)
 tenured generation   total 17720K, used 10631K [0x09d50000, 0x0ae9e000, 0x14800000)
   the space 17720K,  59% used [0x09d50000, 0x0a7b1df0, 0x0a7b1e00, 0x0ae9e000)
 Metaspace       used 12540K, capacity 12683K, committed 12800K, reserved 13696K
}
Event: 13.333 GC heap before
{Heap before GC invocations=28 (full 2):
 def new generation   total 8064K, used 7232K [0x04800000, 0x050b0000, 0x09d50000)
  eden space 7232K, 100% used [0x04800000, 0x04f10000, 0x04f10000)
  from space 832K,   0% used [0x04f10000, 0x04f10000, 0x04fe0000)
  to   space 832K,   0% used [0x04fe0000, 0x04fe0000, 0x050b0000)
 tenured generation   total 17720K, used 10631K [0x09d50000, 0x0ae9e000, 0x14800000)
   the space 17720K,  59% used [0x09d50000, 0x0a7b1df0, 0x0a7b1e00, 0x0ae9e000)
 Metaspace       used 13198K, capacity 13355K, committed 13440K, reserved 13696K
Event: 13.336 GC heap after
Heap after GC invocations=29 (full 2):
 def new generation   total 8064K, used 335K [0x04800000, 0x050b0000, 0x09d50000)
  eden space 7232K,   0% used [0x04800000, 0x04800000, 0x04f10000)
  from space 832K,  40% used [0x04fe0000, 0x05033c98, 0x050b0000)
  to   space 832K,   0% used [0x04f10000, 0x04f10000, 0x04fe0000)
 tenured generation   total 17720K, used 12506K [0x09d50000, 0x0ae9e000, 0x14800000)
   the space 17720K,  70% used [0x09d50000, 0x0a986a00, 0x0a986a00, 0x0ae9e000)
 Metaspace       used 13198K, capacity 13355K, committed 13440K, reserved 13696K
}

